<?xml version="1.0" encoding="UTF-8"?>
<!-- Generated by org.testng.reporters.JUnitReportReporter -->
<testsuite hostname="JAGADEESH" failures="0" tests="3" name="Test.cucumberframework.TestRunner" time="90.052" errors="0" timestamp="14 Feb 2023 06:41:13 GMT" skipped="0">
  <testcase classname="Test.cucumberframework.TestRunner" name="runScenario" time="55.732"/>
  <testcase classname="Test.cucumberframework.TestRunner" name="runScenario" time="17.557"/>
  <testcase classname="Test.cucumberframework.TestRunner" name="runScenario" time="16.763"/>
</testsuite> <!-- Test.cucumberframework.TestRunner -->
